TN:
SF:src/calculator.js
FN:2,Calculator
FN:6,set
FN:10,clear
FN:14,add
FN:22,subtract
FN:26,multiply
FN:30,divide
FNF:7
FNH:7
FNDA:12,Calculator
FNDA:12,set
FNDA:3,clear
FNDA:5,add
FNDA:3,subtract
FNDA:4,multiply
FNDA:5,divide
DA:1,1
DA:2,1
DA:3,12
DA:4,12
DA:5,1
DA:6,1
DA:7,12
DA:8,12
DA:9,1
DA:10,1
DA:11,3
DA:12,3
DA:13,1
DA:14,1
DA:15,5
DA:16,5
DA:17,0
DA:18,0
DA:19,5
DA:20,5
DA:21,1
DA:22,1
DA:23,3
DA:24,3
DA:25,1
DA:26,1
DA:27,4
DA:28,4
DA:29,1
DA:30,1
DA:31,5
DA:32,5
DA:33,1
DA:34,1
DA:35,1
LF:35
LH:33
BRDA:2,0,0,12
BRDA:6,1,0,12
BRDA:10,2,0,3
BRDA:14,3,0,5
BRDA:16,4,0,0
BRDA:22,5,0,3
BRDA:26,6,0,4
BRDA:30,7,0,5
BRF:8
BRH:7
end_of_record
